Build started 7/14/2015 6:34:06 PM.
     1>Project "C:\Users\leon\Desktop\Projects\StellarReaction\StellarReaction\StellarReaction.vcxproj" on node 2 (Build target(s)).
     1>ClCompile:
         C:\Program Files (x86)\Microsoft Visual Studio 12.0\VC\bin\CL.exe /c /ZI /nologo /W3 /WX- /sdl /Od /Oy- /D _MBCS /Gm /EHsc /RTC1 /MDd /GS /fp:precise /Zc:wchar_t /Zc:forScope /Fo"Debug\\" /Fd"Debug\vc120.pdb" /Gd /TP /wd4244 /analyze- /errorReport:prompt src\Universe\Utility\ProjectileMan.cpp
         ProjectileMan.cpp
       Link:
         C:\Program Files (x86)\Microsoft Visual Studio 12.0\VC\bin\link.exe /ERRORREPORT:PROMPT /OUT:"C:\Users\leon\Desktop\Projects\StellarReaction\Debug\StellarReaction.exe" /INCREMENTAL /NOLOGO /LIBPATH:lib\Debug "sfml-main-d.lib" "sfml-system-d.lib" "sfml-window-d.lib" "sfml-audio-d.lib" "sfml-graphics-d.lib" "sfml-network-d.lib" "tgui-d.lib" Box2D_static_debug.lib jsoncpp.lib kernel32.lib user32.lib gdi32.lib winspool.lib comdlg32.lib advapi32.lib shell32.lib ole32.lib oleaut32.lib uuid.lib odbc32.lib odbccp32.lib /MANIFEST /MANIFESTUAC:"level='asInvoker' uiAccess='false'" /manifest:embed /DEBUG /PDB:"C:\Users\leon\Desktop\Projects\StellarReaction\Debug\StellarReaction.pdb" /TLBID:1 /DYNAMICBASE /NXCOMPAT /IMPLIB:"C:\Users\leon\Desktop\Projects\StellarReaction\Debug\StellarReaction.lib" /MACHINE:X86 Debug\b2BroadPhase.obj
         Debug\b2CollideCircle.obj
         Debug\b2CollideEdge.obj
         Debug\b2CollidePolygon.obj
         Debug\b2Collision.obj
         Debug\b2Distance.obj
         Debug\b2DynamicTree.obj
         Debug\b2TimeOfImpact.obj
         Debug\b2ChainShape.obj
         Debug\b2CircleShape.obj
         Debug\b2EdgeShape.obj
         Debug\b2PolygonShape.obj
         Debug\b2BlockAllocator.obj
         Debug\b2Draw.obj
         Debug\b2Math.obj
         Debug\b2Settings.obj
         Debug\b2StackAllocator.obj
         Debug\b2Timer.obj
         Debug\b2Body.obj
         Debug\b2ContactManager.obj
         Debug\b2Fixture.obj
         Debug\b2Island.obj
         Debug\b2World.obj
         Debug\b2WorldCallbacks.obj
         Debug\b2ChainAndCircleContact.obj
         Debug\b2ChainAndPolygonContact.obj
         Debug\b2CircleContact.obj
         Debug\b2Contact.obj
         Debug\b2ContactSolver.obj
         Debug\b2EdgeAndCircleContact.obj
         Debug\b2EdgeAndPolygonContact.obj
         Debug\b2PolygonAndCircleContact.obj
         Debug\b2PolygonContact.obj
         Debug\b2DistanceJoint.obj
         Debug\b2FrictionJoint.obj
         Debug\b2GearJoint.obj
         Debug\b2Joint.obj
         Debug\b2MotorJoint.obj
         Debug\b2MouseJoint.obj
         Debug\b2PrismaticJoint.obj
         Debug\b2PulleyJoint.obj
         Debug\b2RevoluteJoint.obj
         Debug\b2RopeJoint.obj
         Debug\b2WeldJoint.obj
         Debug\b2WheelJoint.obj
         Debug\b2Rope.obj
         Debug\SoundManager.obj
         Debug\BallisticWeapon.obj
         Debug\Health.obj
         Debug\LaserWeapon.obj
         Debug\Link.obj
         Debug\Pool.obj
         Debug\Timer.obj
         Debug\Weapon.obj
         Debug\Camera.obj
         Debug\ControlFactory.obj
         Debug\Controller.obj
         Debug\Input.obj
         Debug\Player.obj
         Debug\SlaveLocator.obj
         Debug\Game.obj
         Debug\Animator.obj
         Debug\Beam.obj
         Debug\Decoration.obj
         Debug\DecorQuad.obj
         Debug\GraphicsComponent.obj
         Debug\GraphicsLayer.obj
         Debug\LinearMeter.obj
         Debug\QuadComponent.obj
         Debug\Spinner.obj
         Debug\AnimAlloc.obj
         Debug\BatchLayers.obj
         Debug\GraphicsComponentUpdater.obj
         Debug\QuadBatchContainer.obj
         Debug\TextureAllocator.obj
         Debug\Condition.obj
         Debug\Eventer.obj
         Debug\EventTypes.obj
         Debug\IOBase.obj
         Debug\IOComponent.obj
         Debug\IOComponentStore.obj
         Debug\IOManager.obj
         Debug\Message.obj
         Debug\main.obj
         Debug\Connection.obj
         Debug\NetworkBoss.obj
         Debug\NetworkComponent.obj
         Debug\NetworkFactory.obj
         Debug\Button.obj
         Debug\Chatbox.obj
         Debug\EditBox.obj
         Debug\Overlay.obj
         Debug\Panel.obj
         Debug\Picture.obj
         Debug\WidgetBase.obj
         Debug\BodyComponent.obj
         Debug\CollisionCategory.obj
         Debug\FixtureComponent.obj
         Debug\Chunk.obj
         Debug\Projectile.obj
         Debug\Module.obj
         Debug\ProjectileModule.obj
         Debug\Sensor.obj
         Debug\ShipModule.obj
         Debug\Capacitor.obj
         Debug\Plating.obj
         Debug\Radar.obj
         Debug\Reactor.obj
         Debug\Thruster.obj
         Debug\Turret.obj
         Debug\Universe.obj
         Debug\BlueprintLoader.obj
         Debug\DebugDraw.obj
         Debug\GameObject.obj
         Debug\ProjectileMan.obj
         Debug\RayCastCallback.obj
         Debug\UniversalContactListener.obj
         StellarReaction.vcxproj -> C:\Users\leon\Desktop\Projects\StellarReaction\Debug\StellarReaction.exe
     1>Done Building Project "C:\Users\leon\Desktop\Projects\StellarReaction\StellarReaction\StellarReaction.vcxproj" (Build target(s)).

Build succeeded.

Time Elapsed 00:00:07.21
